21:48:16 INFO  : Logs will be stored at '/thayerfs/home/f003wvc/workspace/module2/IDE.log'.
21:48:24 INFO  : Platform repository initialization has completed.
21:48:24 INFO  : Launching XSCT server: xsct -n  -interactive /thayerfs/home/f003wvc/workspace/module2/temp_xsdb_launch_script.tcl
21:48:24 INFO  : Registering command handlers for Vitis TCF services
21:48:27 INFO  : XSCT server has started successfully.
21:48:32 INFO  : plnx-install-location is set to ''
21:48:32 INFO  : Successfully done setting XSCT server connection channel  
21:48:32 INFO  : Successfully done query RDI_DATADIR 
21:48:32 INFO  : Successfully done setting workspace for the tool. 
21:51:12 INFO  : Result from executing command 'getProjects': module2_hw_wrapper
21:51:12 INFO  : Result from executing command 'getPlatforms': 
21:51:12 WARN  : An unexpected exception occurred in the module 'platform project logging'
21:51:13 INFO  : Platform 'module2_hw_wrapper' is added to custom repositories.
21:51:22 INFO  : Platform 'module2_hw_wrapper' is added to custom repositories.
21:57:46 INFO  : Result from executing command 'getProjects': module2_hw_wrapper
21:57:46 INFO  : Result from executing command 'getPlatforms': module2_hw_wrapper|/thayerfs/home/f003wvc/workspace/module2/module2_hw_wrapper/export/module2_hw_wrapper/module2_hw_wrapper.xpfm
21:57:49 INFO  : Checking for BSP changes to sync application flags for project 'module2'...
21:58:35 INFO  : Connected to target on host '127.0.0.1' and port '3121'.
21:58:35 INFO  : 'targets -set -filter {jtag_cable_name =~ "Digilent Zybo Z7 210351A6C79EA" && level==0 && jtag_device_ctx=="jsn-Zybo Z7-210351A6C79EA-13722093-0"}' command is executed.
21:58:36 INFO  : Device configured successfully with "/thayerfs/home/f003wvc/workspace/module2/module2/_ide/bitstream/module2_hw_wrapper.bit"
21:59:03 INFO  : Connected to target on host '127.0.0.1' and port '3121'.
21:59:03 INFO  : Jtag cable 'Digilent Zybo Z7 210351A6C79EA' is selected.
21:59:03 INFO  : 'jtag frequency' command is executed.
21:59:03 INFO  : Context for 'APU' is selected.
21:59:03 INFO  : System reset is completed.
21:59:06 INFO  : 'after 3000' command is executed.
21:59:06 INFO  : 'targets -set -filter {jtag_cable_name =~ "Digilent Zybo Z7 210351A6C79EA" && level==0 && jtag_device_ctx=="jsn-Zybo Z7-210351A6C79EA-13722093-0"}' command is executed.
21:59:07 INFO  : Device configured successfully with "/thayerfs/home/f003wvc/workspace/module2/module2/_ide/bitstream/module2_hw_wrapper.bit"
21:59:07 INFO  : Context for 'APU' is selected.
21:59:07 INFO  : Hardware design and registers information is loaded from '/thayerfs/home/f003wvc/workspace/module2/module2_hw_wrapper/export/module2_hw_wrapper/hw/module2_hw_wrapper.xsa'.
21:59:07 INFO  : 'configparams force-mem-access 1' command is executed.
21:59:07 INFO  : Context for 'APU' is selected.
21:59:07 INFO  : Sourcing of '/thayerfs/home/f003wvc/workspace/module2/module2/_ide/psinit/ps7_init.tcl' is done.
21:59:08 INFO  : 'ps7_init' command is executed.
21:59:08 INFO  : 'ps7_post_config' command is executed.
21:59:08 INFO  : Context for processor 'ps7_cortexa9_0' is selected.
21:59:08 INFO  : The application '/thayerfs/home/f003wvc/workspace/module2/module2/Debug/module2.elf' is downloaded to processor 'ps7_cortexa9_0'.
21:59:08 INFO  : 'configparams force-mem-access 0' command is executed.
21:59:08 INFO  : ----------------XSDB Script----------------
connect -url tcp:127.0.0.1:3121
targets -set -nocase -filter {name =~"APU*"}
rst -system
after 3000
targets -set -filter {jtag_cable_name =~ "Digilent Zybo Z7 210351A6C79EA" && level==0 && jtag_device_ctx=="jsn-Zybo Z7-210351A6C79EA-13722093-0"}
fpga -file /thayerfs/home/f003wvc/workspace/module2/module2/_ide/bitstream/module2_hw_wrapper.bit
targets -set -nocase -filter {name =~"APU*"}
loadhw -hw /thayerfs/home/f003wvc/workspace/module2/module2_hw_wrapper/export/module2_hw_wrapper/hw/module2_hw_wrapper.xsa -mem-ranges [list {0x40000000 0xbfffffff}] -regs
configparams force-mem-access 1
targets -set -nocase -filter {name =~"APU*"}
source /thayerfs/home/f003wvc/workspace/module2/module2/_ide/psinit/ps7_init.tcl
ps7_init
ps7_post_config
targets -set -nocase -filter {name =~ "*A9*#0"}
dow /thayerfs/home/f003wvc/workspace/module2/module2/Debug/module2.elf
configparams force-mem-access 0
----------------End of Script----------------

21:59:08 INFO  : Context for processor 'ps7_cortexa9_0' is selected.
21:59:08 INFO  : 'con' command is executed.
21:59:08 INFO  : ----------------XSDB Script (After Launch)----------------
targets -set -nocase -filter {name =~ "*A9*#0"}
con
----------------End of Script----------------

21:59:08 INFO  : Launch script is exported to file '/thayerfs/home/f003wvc/workspace/module2/module2_system/_ide/scripts/debugger_module2-default.tcl'
21:59:54 INFO  : Disconnected from the channel tcfchan#2.
21:59:55 INFO  : Connected to target on host '127.0.0.1' and port '3121'.
22:00:04 INFO  : ----------------XSDB Script----------------
connect -url tcp:127.0.0.1:3121
----------------End of Script----------------

22:00:04 ERROR : Could not find ARM device on the board for connection 'Local'.
Check if the target is in:
1. Split JTAG - No operations are possible with ARM DAP.
2. Non JTAG bootmode - Bootrom may need time to enable DAP.
Please try again.


Troubleshooting hints:
1. Check whether board is connected to system properly.
2. In case of zynq board, check whether Digilent/Xilinx cable switch settings are correct.
3. If you are using Xilinx Platform Cable USB, ensure that status LED is green.
22:00:08 INFO  : Connected to target on host '127.0.0.1' and port '3121'.
22:00:08 INFO  : Jtag cable 'Digilent Zybo Z7 210351A6C79EA' is selected.
22:00:08 INFO  : 'jtag frequency' command is executed.
22:00:08 INFO  : Context for 'APU' is selected.
22:00:08 INFO  : System reset is completed.
22:00:11 INFO  : 'after 3000' command is executed.
22:00:11 INFO  : 'targets -set -filter {jtag_cable_name =~ "Digilent Zybo Z7 210351A6C79EA" && level==0 && jtag_device_ctx=="jsn-Zybo Z7-210351A6C79EA-13722093-0"}' command is executed.
22:00:12 INFO  : Device configured successfully with "/thayerfs/home/f003wvc/workspace/module2/module2/_ide/bitstream/module2_hw_wrapper.bit"
22:00:12 INFO  : Context for 'APU' is selected.
22:00:12 INFO  : Hardware design and registers information is loaded from '/thayerfs/home/f003wvc/workspace/module2/module2_hw_wrapper/export/module2_hw_wrapper/hw/module2_hw_wrapper.xsa'.
22:00:12 INFO  : 'configparams force-mem-access 1' command is executed.
22:00:12 INFO  : Context for 'APU' is selected.
22:00:12 INFO  : Sourcing of '/thayerfs/home/f003wvc/workspace/module2/module2/_ide/psinit/ps7_init.tcl' is done.
22:00:13 INFO  : 'ps7_init' command is executed.
22:00:13 INFO  : 'ps7_post_config' command is executed.
22:00:13 INFO  : Context for processor 'ps7_cortexa9_0' is selected.
22:00:13 INFO  : The application '/thayerfs/home/f003wvc/workspace/module2/module2/Debug/module2.elf' is downloaded to processor 'ps7_cortexa9_0'.
22:00:13 INFO  : 'configparams force-mem-access 0' command is executed.
22:00:13 INFO  : ----------------XSDB Script----------------
connect -url tcp:127.0.0.1:3121
targets -set -nocase -filter {name =~"APU*"}
rst -system
after 3000
targets -set -filter {jtag_cable_name =~ "Digilent Zybo Z7 210351A6C79EA" && level==0 && jtag_device_ctx=="jsn-Zybo Z7-210351A6C79EA-13722093-0"}
fpga -file /thayerfs/home/f003wvc/workspace/module2/module2/_ide/bitstream/module2_hw_wrapper.bit
targets -set -nocase -filter {name =~"APU*"}
loadhw -hw /thayerfs/home/f003wvc/workspace/module2/module2_hw_wrapper/export/module2_hw_wrapper/hw/module2_hw_wrapper.xsa -mem-ranges [list {0x40000000 0xbfffffff}] -regs
configparams force-mem-access 1
targets -set -nocase -filter {name =~"APU*"}
source /thayerfs/home/f003wvc/workspace/module2/module2/_ide/psinit/ps7_init.tcl
ps7_init
ps7_post_config
targets -set -nocase -filter {name =~ "*A9*#0"}
dow /thayerfs/home/f003wvc/workspace/module2/module2/Debug/module2.elf
configparams force-mem-access 0
----------------End of Script----------------

22:00:13 INFO  : Context for processor 'ps7_cortexa9_0' is selected.
22:00:13 INFO  : 'con' command is executed.
22:00:13 INFO  : ----------------XSDB Script (After Launch)----------------
targets -set -nocase -filter {name =~ "*A9*#0"}
con
----------------End of Script----------------

22:00:13 INFO  : Launch script is exported to file '/thayerfs/home/f003wvc/workspace/module2/module2_system/_ide/scripts/debugger_module2-default.tcl'
22:00:13 INFO  : Disconnected from the channel tcfchan#3.
22:00:14 INFO  : Connected to target on host '127.0.0.1' and port '3121'.
22:00:23 INFO  : ----------------XSDB Script----------------
connect -url tcp:127.0.0.1:3121
----------------End of Script----------------

22:00:23 ERROR : Could not find ARM device on the board for connection 'Local'.
Check if the target is in:
1. Split JTAG - No operations are possible with ARM DAP.
2. Non JTAG bootmode - Bootrom may need time to enable DAP.
Please try again.


Troubleshooting hints:
1. Check whether board is connected to system properly.
2. In case of zynq board, check whether Digilent/Xilinx cable switch settings are correct.
3. If you are using Xilinx Platform Cable USB, ensure that status LED is green.
22:00:45 INFO  : Connected to target on host '127.0.0.1' and port '3121'.
22:00:45 INFO  : Jtag cable 'Digilent Zybo Z7 210351A6C79EA' is selected.
22:00:45 INFO  : 'jtag frequency' command is executed.
22:00:45 INFO  : Context for 'APU' is selected.
22:00:45 INFO  : System reset is completed.
22:00:48 INFO  : 'after 3000' command is executed.
22:00:48 INFO  : 'targets -set -filter {jtag_cable_name =~ "Digilent Zybo Z7 210351A6C79EA" && level==0 && jtag_device_ctx=="jsn-Zybo Z7-210351A6C79EA-13722093-0"}' command is executed.
22:00:49 INFO  : Device configured successfully with "/thayerfs/home/f003wvc/workspace/module2/module2/_ide/bitstream/module2_hw_wrapper.bit"
22:00:49 INFO  : Connected to target on host '127.0.0.1' and port '3121'.
22:00:49 INFO  : Context for 'APU' is selected.
22:00:49 INFO  : Hardware design and registers information is loaded from '/thayerfs/home/f003wvc/workspace/module2/module2_hw_wrapper/export/module2_hw_wrapper/hw/module2_hw_wrapper.xsa'.
22:00:49 INFO  : 'configparams force-mem-access 1' command is executed.
22:00:49 INFO  : Context for 'APU' is selected.
22:00:49 INFO  : Sourcing of '/thayerfs/home/f003wvc/workspace/module2/module2/_ide/psinit/ps7_init.tcl' is done.
22:00:50 INFO  : 'ps7_init' command is executed.
22:00:50 INFO  : 'ps7_post_config' command is executed.
22:00:50 INFO  : Context for processor 'ps7_cortexa9_0' is selected.
22:00:50 INFO  : The application '/thayerfs/home/f003wvc/workspace/module2/module2/Debug/module2.elf' is downloaded to processor 'ps7_cortexa9_0'.
22:00:50 INFO  : 'configparams force-mem-access 0' command is executed.
22:00:50 INFO  : ----------------XSDB Script----------------
connect -url tcp:127.0.0.1:3121
targets -set -nocase -filter {name =~"APU*"}
rst -system
after 3000
targets -set -filter {jtag_cable_name =~ "Digilent Zybo Z7 210351A6C79EA" && level==0 && jtag_device_ctx=="jsn-Zybo Z7-210351A6C79EA-13722093-0"}
fpga -file /thayerfs/home/f003wvc/workspace/module2/module2/_ide/bitstream/module2_hw_wrapper.bit
targets -set -nocase -filter {name =~"APU*"}
loadhw -hw /thayerfs/home/f003wvc/workspace/module2/module2_hw_wrapper/export/module2_hw_wrapper/hw/module2_hw_wrapper.xsa -mem-ranges [list {0x40000000 0xbfffffff}] -regs
configparams force-mem-access 1
targets -set -nocase -filter {name =~"APU*"}
source /thayerfs/home/f003wvc/workspace/module2/module2/_ide/psinit/ps7_init.tcl
ps7_init
ps7_post_config
targets -set -nocase -filter {name =~ "*A9*#0"}
dow /thayerfs/home/f003wvc/workspace/module2/module2/Debug/module2.elf
configparams force-mem-access 0
----------------End of Script----------------

22:00:50 INFO  : Context for processor 'ps7_cortexa9_0' is selected.
22:00:50 INFO  : 'con' command is executed.
22:00:50 INFO  : ----------------XSDB Script (After Launch)----------------
targets -set -nocase -filter {name =~ "*A9*#0"}
con
----------------End of Script----------------

22:00:50 INFO  : Launch script is exported to file '/thayerfs/home/f003wvc/workspace/module2/module2_system/_ide/scripts/debugger_module2-default.tcl'
22:00:50 INFO  : Jtag cable 'Digilent Zybo Z7 210351A6C79EA' is selected.
22:00:50 INFO  : 'jtag frequency' command is executed.
22:00:50 INFO  : Context for 'APU' is selected.
22:00:50 INFO  : System reset is completed.
22:00:53 INFO  : 'after 3000' command is executed.
22:00:53 INFO  : 'targets -set -filter {jtag_cable_name =~ "Digilent Zybo Z7 210351A6C79EA" && level==0 && jtag_device_ctx=="jsn-Zybo Z7-210351A6C79EA-13722093-0"}' command is executed.
22:00:54 INFO  : Device configured successfully with "/thayerfs/home/f003wvc/workspace/module2/module2/_ide/bitstream/module2_hw_wrapper.bit"
22:00:54 INFO  : Context for 'APU' is selected.
22:00:54 INFO  : Hardware design and registers information is loaded from '/thayerfs/home/f003wvc/workspace/module2/module2_hw_wrapper/export/module2_hw_wrapper/hw/module2_hw_wrapper.xsa'.
22:00:54 INFO  : 'configparams force-mem-access 1' command is executed.
22:00:54 INFO  : Context for 'APU' is selected.
22:00:54 INFO  : Sourcing of '/thayerfs/home/f003wvc/workspace/module2/module2/_ide/psinit/ps7_init.tcl' is done.
22:00:55 INFO  : 'ps7_init' command is executed.
22:00:55 INFO  : 'ps7_post_config' command is executed.
22:00:55 INFO  : Context for processor 'ps7_cortexa9_0' is selected.
22:00:55 INFO  : The application '/thayerfs/home/f003wvc/workspace/module2/module2/Debug/module2.elf' is downloaded to processor 'ps7_cortexa9_0'.
22:00:55 INFO  : 'configparams force-mem-access 0' command is executed.
22:00:55 INFO  : ----------------XSDB Script----------------
connect -url tcp:127.0.0.1:3121
targets -set -nocase -filter {name =~"APU*"}
rst -system
after 3000
targets -set -filter {jtag_cable_name =~ "Digilent Zybo Z7 210351A6C79EA" && level==0 && jtag_device_ctx=="jsn-Zybo Z7-210351A6C79EA-13722093-0"}
fpga -file /thayerfs/home/f003wvc/workspace/module2/module2/_ide/bitstream/module2_hw_wrapper.bit
targets -set -nocase -filter {name =~"APU*"}
loadhw -hw /thayerfs/home/f003wvc/workspace/module2/module2_hw_wrapper/export/module2_hw_wrapper/hw/module2_hw_wrapper.xsa -mem-ranges [list {0x40000000 0xbfffffff}] -regs
configparams force-mem-access 1
targets -set -nocase -filter {name =~"APU*"}
source /thayerfs/home/f003wvc/workspace/module2/module2/_ide/psinit/ps7_init.tcl
ps7_init
ps7_post_config
targets -set -nocase -filter {name =~ "*A9*#0"}
dow /thayerfs/home/f003wvc/workspace/module2/module2/Debug/module2.elf
configparams force-mem-access 0
----------------End of Script----------------

22:00:55 INFO  : Context for processor 'ps7_cortexa9_0' is selected.
22:00:55 INFO  : 'con' command is executed.
22:00:55 INFO  : ----------------XSDB Script (After Launch)----------------
targets -set -nocase -filter {name =~ "*A9*#0"}
con
----------------End of Script----------------

22:00:55 INFO  : Launch script is exported to file '/thayerfs/home/f003wvc/workspace/module2/module2_system/_ide/scripts/debugger_module2-default.tcl'
22:41:29 INFO  : Checking for BSP changes to sync application flags for project 'module2'...
22:42:56 INFO  : Checking for BSP changes to sync application flags for project 'module2'...
22:43:29 INFO  : Checking for BSP changes to sync application flags for project 'module2'...
22:43:40 INFO  : Connected to target on host '127.0.0.1' and port '3121'.
22:43:41 INFO  : 'targets -set -filter {jtag_cable_name =~ "Digilent Zybo Z7 210351A6C79EA" && level==0 && jtag_device_ctx=="jsn-Zybo Z7-210351A6C79EA-13722093-0"}' command is executed.
22:43:42 INFO  : Device configured successfully with "/thayerfs/home/f003wvc/workspace/module2/module2/_ide/bitstream/module2_hw_wrapper.bit"
22:46:18 INFO  : Disconnected from the channel tcfchan#4.
22:46:19 INFO  : Connected to target on host '127.0.0.1' and port '3121'.
22:46:20 INFO  : Jtag cable 'Digilent Zybo Z7 210351A6C79EA' is selected.
22:46:20 INFO  : 'jtag frequency' command is executed.
22:46:20 INFO  : Context for 'APU' is selected.
22:46:20 INFO  : System reset is completed.
22:46:23 INFO  : 'after 3000' command is executed.
22:46:23 INFO  : 'targets -set -filter {jtag_cable_name =~ "Digilent Zybo Z7 210351A6C79EA" && level==0 && jtag_device_ctx=="jsn-Zybo Z7-210351A6C79EA-13722093-0"}' command is executed.
22:46:24 INFO  : Device configured successfully with "/thayerfs/home/f003wvc/workspace/module2/module2/_ide/bitstream/module2_hw_wrapper.bit"
22:46:24 INFO  : Context for 'APU' is selected.
22:46:24 INFO  : Hardware design and registers information is loaded from '/thayerfs/home/f003wvc/workspace/module2/module2_hw_wrapper/export/module2_hw_wrapper/hw/module2_hw_wrapper.xsa'.
22:46:24 INFO  : 'configparams force-mem-access 1' command is executed.
22:46:24 INFO  : Context for 'APU' is selected.
22:46:24 INFO  : Sourcing of '/thayerfs/home/f003wvc/workspace/module2/module2/_ide/psinit/ps7_init.tcl' is done.
22:46:24 INFO  : 'ps7_init' command is executed.
22:46:24 INFO  : 'ps7_post_config' command is executed.
22:46:24 INFO  : Context for processor 'ps7_cortexa9_0' is selected.
22:46:24 INFO  : The application '/thayerfs/home/f003wvc/workspace/module2/module2/Debug/module2.elf' is downloaded to processor 'ps7_cortexa9_0'.
22:46:24 INFO  : 'configparams force-mem-access 0' command is executed.
22:46:24 INFO  : ----------------XSDB Script----------------
connect -url tcp:127.0.0.1:3121
targets -set -nocase -filter {name =~"APU*"}
rst -system
after 3000
targets -set -filter {jtag_cable_name =~ "Digilent Zybo Z7 210351A6C79EA" && level==0 && jtag_device_ctx=="jsn-Zybo Z7-210351A6C79EA-13722093-0"}
fpga -file /thayerfs/home/f003wvc/workspace/module2/module2/_ide/bitstream/module2_hw_wrapper.bit
targets -set -nocase -filter {name =~"APU*"}
loadhw -hw /thayerfs/home/f003wvc/workspace/module2/module2_hw_wrapper/export/module2_hw_wrapper/hw/module2_hw_wrapper.xsa -mem-ranges [list {0x40000000 0xbfffffff}] -regs
configparams force-mem-access 1
targets -set -nocase -filter {name =~"APU*"}
source /thayerfs/home/f003wvc/workspace/module2/module2/_ide/psinit/ps7_init.tcl
ps7_init
ps7_post_config
targets -set -nocase -filter {name =~ "*A9*#0"}
dow /thayerfs/home/f003wvc/workspace/module2/module2/Debug/module2.elf
configparams force-mem-access 0
----------------End of Script----------------

22:46:25 INFO  : Context for processor 'ps7_cortexa9_0' is selected.
22:46:25 INFO  : 'con' command is executed.
22:46:25 INFO  : ----------------XSDB Script (After Launch)----------------
targets -set -nocase -filter {name =~ "*A9*#0"}
con
----------------End of Script----------------

22:46:25 INFO  : Launch script is exported to file '/thayerfs/home/f003wvc/workspace/module2/module2_system/_ide/scripts/debugger_module2-default.tcl'
22:49:07 INFO  : Disconnected from the channel tcfchan#5.
22:49:08 INFO  : Connected to target on host '127.0.0.1' and port '3121'.
22:49:09 INFO  : Jtag cable 'Digilent Zybo Z7 210351A6C79EA' is selected.
22:49:09 INFO  : 'jtag frequency' command is executed.
22:49:09 INFO  : Context for 'APU' is selected.
22:49:09 INFO  : System reset is completed.
22:49:12 INFO  : 'after 3000' command is executed.
22:49:12 INFO  : 'targets -set -filter {jtag_cable_name =~ "Digilent Zybo Z7 210351A6C79EA" && level==0 && jtag_device_ctx=="jsn-Zybo Z7-210351A6C79EA-13722093-0"}' command is executed.
22:49:13 INFO  : Device configured successfully with "/thayerfs/home/f003wvc/workspace/module2/module2/_ide/bitstream/module2_hw_wrapper.bit"
22:49:13 INFO  : Context for 'APU' is selected.
22:49:13 INFO  : Hardware design and registers information is loaded from '/thayerfs/home/f003wvc/workspace/module2/module2_hw_wrapper/export/module2_hw_wrapper/hw/module2_hw_wrapper.xsa'.
22:49:13 INFO  : 'configparams force-mem-access 1' command is executed.
22:49:13 INFO  : Context for 'APU' is selected.
22:49:13 INFO  : Sourcing of '/thayerfs/home/f003wvc/workspace/module2/module2/_ide/psinit/ps7_init.tcl' is done.
22:49:13 INFO  : 'ps7_init' command is executed.
22:49:13 INFO  : 'ps7_post_config' command is executed.
22:49:13 INFO  : Context for processor 'ps7_cortexa9_0' is selected.
22:49:13 INFO  : The application '/thayerfs/home/f003wvc/workspace/module2/module2/Debug/module2.elf' is downloaded to processor 'ps7_cortexa9_0'.
22:49:13 INFO  : 'configparams force-mem-access 0' command is executed.
22:49:13 INFO  : ----------------XSDB Script----------------
connect -url tcp:127.0.0.1:3121
targets -set -nocase -filter {name =~"APU*"}
rst -system
after 3000
targets -set -filter {jtag_cable_name =~ "Digilent Zybo Z7 210351A6C79EA" && level==0 && jtag_device_ctx=="jsn-Zybo Z7-210351A6C79EA-13722093-0"}
fpga -file /thayerfs/home/f003wvc/workspace/module2/module2/_ide/bitstream/module2_hw_wrapper.bit
targets -set -nocase -filter {name =~"APU*"}
loadhw -hw /thayerfs/home/f003wvc/workspace/module2/module2_hw_wrapper/export/module2_hw_wrapper/hw/module2_hw_wrapper.xsa -mem-ranges [list {0x40000000 0xbfffffff}] -regs
configparams force-mem-access 1
targets -set -nocase -filter {name =~"APU*"}
source /thayerfs/home/f003wvc/workspace/module2/module2/_ide/psinit/ps7_init.tcl
ps7_init
ps7_post_config
targets -set -nocase -filter {name =~ "*A9*#0"}
dow /thayerfs/home/f003wvc/workspace/module2/module2/Debug/module2.elf
configparams force-mem-access 0
----------------End of Script----------------

22:49:13 INFO  : Context for processor 'ps7_cortexa9_0' is selected.
22:49:13 INFO  : 'con' command is executed.
22:49:13 INFO  : ----------------XSDB Script (After Launch)----------------
targets -set -nocase -filter {name =~ "*A9*#0"}
con
----------------End of Script----------------

22:49:13 INFO  : Launch script is exported to file '/thayerfs/home/f003wvc/workspace/module2/module2_system/_ide/scripts/debugger_module2-default.tcl'
22:50:21 INFO  : Checking for BSP changes to sync application flags for project 'module2'...
22:50:29 INFO  : Disconnected from the channel tcfchan#6.
22:50:30 INFO  : Connected to target on host '127.0.0.1' and port '3121'.
22:50:30 INFO  : Jtag cable 'Digilent Zybo Z7 210351A6C79EA' is selected.
22:50:30 INFO  : 'jtag frequency' command is executed.
22:50:30 INFO  : Context for 'APU' is selected.
22:50:30 INFO  : System reset is completed.
22:50:33 INFO  : 'after 3000' command is executed.
22:50:33 INFO  : 'targets -set -filter {jtag_cable_name =~ "Digilent Zybo Z7 210351A6C79EA" && level==0 && jtag_device_ctx=="jsn-Zybo Z7-210351A6C79EA-13722093-0"}' command is executed.
22:50:34 INFO  : Device configured successfully with "/thayerfs/home/f003wvc/workspace/module2/module2/_ide/bitstream/module2_hw_wrapper.bit"
22:50:34 INFO  : Context for 'APU' is selected.
22:50:34 INFO  : Hardware design and registers information is loaded from '/thayerfs/home/f003wvc/workspace/module2/module2_hw_wrapper/export/module2_hw_wrapper/hw/module2_hw_wrapper.xsa'.
22:50:34 INFO  : 'configparams force-mem-access 1' command is executed.
22:50:34 INFO  : Context for 'APU' is selected.
22:50:34 INFO  : Sourcing of '/thayerfs/home/f003wvc/workspace/module2/module2/_ide/psinit/ps7_init.tcl' is done.
22:50:34 INFO  : 'ps7_init' command is executed.
22:50:34 INFO  : 'ps7_post_config' command is executed.
22:50:34 INFO  : Context for processor 'ps7_cortexa9_0' is selected.
22:50:34 INFO  : The application '/thayerfs/home/f003wvc/workspace/module2/module2/Debug/module2.elf' is downloaded to processor 'ps7_cortexa9_0'.
22:50:34 INFO  : 'configparams force-mem-access 0' command is executed.
22:50:34 INFO  : ----------------XSDB Script----------------
connect -url tcp:127.0.0.1:3121
targets -set -nocase -filter {name =~"APU*"}
rst -system
after 3000
targets -set -filter {jtag_cable_name =~ "Digilent Zybo Z7 210351A6C79EA" && level==0 && jtag_device_ctx=="jsn-Zybo Z7-210351A6C79EA-13722093-0"}
fpga -file /thayerfs/home/f003wvc/workspace/module2/module2/_ide/bitstream/module2_hw_wrapper.bit
targets -set -nocase -filter {name =~"APU*"}
loadhw -hw /thayerfs/home/f003wvc/workspace/module2/module2_hw_wrapper/export/module2_hw_wrapper/hw/module2_hw_wrapper.xsa -mem-ranges [list {0x40000000 0xbfffffff}] -regs
configparams force-mem-access 1
targets -set -nocase -filter {name =~"APU*"}
source /thayerfs/home/f003wvc/workspace/module2/module2/_ide/psinit/ps7_init.tcl
ps7_init
ps7_post_config
targets -set -nocase -filter {name =~ "*A9*#0"}
dow /thayerfs/home/f003wvc/workspace/module2/module2/Debug/module2.elf
configparams force-mem-access 0
----------------End of Script----------------

22:50:34 INFO  : Context for processor 'ps7_cortexa9_0' is selected.
22:50:35 INFO  : 'con' command is executed.
22:50:35 INFO  : ----------------XSDB Script (After Launch)----------------
targets -set -nocase -filter {name =~ "*A9*#0"}
con
----------------End of Script----------------

22:50:35 INFO  : Launch script is exported to file '/thayerfs/home/f003wvc/workspace/module2/module2_system/_ide/scripts/debugger_module2-default.tcl'
22:55:26 INFO  : Checking for BSP changes to sync application flags for project 'module2'...
22:55:38 INFO  : Connected to target on host '127.0.0.1' and port '3121'.
22:55:38 INFO  : 'targets -set -filter {jtag_cable_name =~ "Digilent Zybo Z7 210351A6C79EA" && level==0 && jtag_device_ctx=="jsn-Zybo Z7-210351A6C79EA-13722093-0"}' command is executed.
22:55:39 INFO  : Device configured successfully with "/thayerfs/home/f003wvc/workspace/module2/module2/_ide/bitstream/module2_hw_wrapper.bit"
22:55:47 INFO  : Disconnected from the channel tcfchan#7.
22:55:48 INFO  : Connected to target on host '127.0.0.1' and port '3121'.
22:55:49 INFO  : Jtag cable 'Digilent Zybo Z7 210351A6C79EA' is selected.
22:55:49 INFO  : 'jtag frequency' command is executed.
22:55:49 INFO  : Context for 'APU' is selected.
22:55:49 INFO  : System reset is completed.
22:55:52 INFO  : 'after 3000' command is executed.
22:55:52 INFO  : 'targets -set -filter {jtag_cable_name =~ "Digilent Zybo Z7 210351A6C79EA" && level==0 && jtag_device_ctx=="jsn-Zybo Z7-210351A6C79EA-13722093-0"}' command is executed.
22:55:53 INFO  : Device configured successfully with "/thayerfs/home/f003wvc/workspace/module2/module2/_ide/bitstream/module2_hw_wrapper.bit"
22:55:53 INFO  : Context for 'APU' is selected.
22:55:53 INFO  : Hardware design and registers information is loaded from '/thayerfs/home/f003wvc/workspace/module2/module2_hw_wrapper/export/module2_hw_wrapper/hw/module2_hw_wrapper.xsa'.
22:55:53 INFO  : 'configparams force-mem-access 1' command is executed.
22:55:53 INFO  : Context for 'APU' is selected.
22:55:53 INFO  : Sourcing of '/thayerfs/home/f003wvc/workspace/module2/module2/_ide/psinit/ps7_init.tcl' is done.
22:55:53 INFO  : 'ps7_init' command is executed.
22:55:53 INFO  : 'ps7_post_config' command is executed.
22:55:53 INFO  : Context for processor 'ps7_cortexa9_0' is selected.
22:55:53 INFO  : The application '/thayerfs/home/f003wvc/workspace/module2/module2/Debug/module2.elf' is downloaded to processor 'ps7_cortexa9_0'.
22:55:53 INFO  : 'configparams force-mem-access 0' command is executed.
22:55:53 INFO  : ----------------XSDB Script----------------
connect -url tcp:127.0.0.1:3121
targets -set -nocase -filter {name =~"APU*"}
rst -system
after 3000
targets -set -filter {jtag_cable_name =~ "Digilent Zybo Z7 210351A6C79EA" && level==0 && jtag_device_ctx=="jsn-Zybo Z7-210351A6C79EA-13722093-0"}
fpga -file /thayerfs/home/f003wvc/workspace/module2/module2/_ide/bitstream/module2_hw_wrapper.bit
targets -set -nocase -filter {name =~"APU*"}
loadhw -hw /thayerfs/home/f003wvc/workspace/module2/module2_hw_wrapper/export/module2_hw_wrapper/hw/module2_hw_wrapper.xsa -mem-ranges [list {0x40000000 0xbfffffff}] -regs
configparams force-mem-access 1
targets -set -nocase -filter {name =~"APU*"}
source /thayerfs/home/f003wvc/workspace/module2/module2/_ide/psinit/ps7_init.tcl
ps7_init
ps7_post_config
targets -set -nocase -filter {name =~ "*A9*#0"}
dow /thayerfs/home/f003wvc/workspace/module2/module2/Debug/module2.elf
configparams force-mem-access 0
----------------End of Script----------------

22:55:53 INFO  : Context for processor 'ps7_cortexa9_0' is selected.
22:55:53 INFO  : 'con' command is executed.
22:55:53 INFO  : ----------------XSDB Script (After Launch)----------------
targets -set -nocase -filter {name =~ "*A9*#0"}
con
----------------End of Script----------------

22:55:53 INFO  : Launch script is exported to file '/thayerfs/home/f003wvc/workspace/module2/module2_system/_ide/scripts/debugger_module2-default.tcl'
22:56:32 INFO  : Disconnected from the channel tcfchan#8.
22:56:33 INFO  : Connected to target on host '127.0.0.1' and port '3121'.
22:56:33 INFO  : Jtag cable 'Digilent Zybo Z7 210351A6C79EA' is selected.
22:56:33 INFO  : 'jtag frequency' command is executed.
22:56:33 INFO  : Context for 'APU' is selected.
22:56:33 INFO  : System reset is completed.
22:56:36 INFO  : 'after 3000' command is executed.
22:56:36 INFO  : 'targets -set -filter {jtag_cable_name =~ "Digilent Zybo Z7 210351A6C79EA" && level==0 && jtag_device_ctx=="jsn-Zybo Z7-210351A6C79EA-13722093-0"}' command is executed.
22:56:38 INFO  : Device configured successfully with "/thayerfs/home/f003wvc/workspace/module2/module2/_ide/bitstream/module2_hw_wrapper.bit"
22:56:38 INFO  : Context for 'APU' is selected.
22:56:38 INFO  : Hardware design and registers information is loaded from '/thayerfs/home/f003wvc/workspace/module2/module2_hw_wrapper/export/module2_hw_wrapper/hw/module2_hw_wrapper.xsa'.
22:56:38 INFO  : 'configparams force-mem-access 1' command is executed.
22:56:38 INFO  : Context for 'APU' is selected.
22:56:38 INFO  : Sourcing of '/thayerfs/home/f003wvc/workspace/module2/module2/_ide/psinit/ps7_init.tcl' is done.
22:56:38 INFO  : 'ps7_init' command is executed.
22:56:38 INFO  : 'ps7_post_config' command is executed.
22:56:38 INFO  : Context for processor 'ps7_cortexa9_0' is selected.
22:56:38 INFO  : The application '/thayerfs/home/f003wvc/workspace/module2/module2/Debug/module2.elf' is downloaded to processor 'ps7_cortexa9_0'.
22:56:38 INFO  : 'configparams force-mem-access 0' command is executed.
22:56:38 INFO  : ----------------XSDB Script----------------
connect -url tcp:127.0.0.1:3121
targets -set -nocase -filter {name =~"APU*"}
rst -system
after 3000
targets -set -filter {jtag_cable_name =~ "Digilent Zybo Z7 210351A6C79EA" && level==0 && jtag_device_ctx=="jsn-Zybo Z7-210351A6C79EA-13722093-0"}
fpga -file /thayerfs/home/f003wvc/workspace/module2/module2/_ide/bitstream/module2_hw_wrapper.bit
targets -set -nocase -filter {name =~"APU*"}
loadhw -hw /thayerfs/home/f003wvc/workspace/module2/module2_hw_wrapper/export/module2_hw_wrapper/hw/module2_hw_wrapper.xsa -mem-ranges [list {0x40000000 0xbfffffff}] -regs
configparams force-mem-access 1
targets -set -nocase -filter {name =~"APU*"}
source /thayerfs/home/f003wvc/workspace/module2/module2/_ide/psinit/ps7_init.tcl
ps7_init
ps7_post_config
targets -set -nocase -filter {name =~ "*A9*#0"}
dow /thayerfs/home/f003wvc/workspace/module2/module2/Debug/module2.elf
configparams force-mem-access 0
----------------End of Script----------------

22:56:38 INFO  : Context for processor 'ps7_cortexa9_0' is selected.
22:56:38 INFO  : 'con' command is executed.
22:56:38 INFO  : ----------------XSDB Script (After Launch)----------------
targets -set -nocase -filter {name =~ "*A9*#0"}
con
----------------End of Script----------------

22:56:38 INFO  : Launch script is exported to file '/thayerfs/home/f003wvc/workspace/module2/module2_system/_ide/scripts/debugger_module2-default.tcl'
22:57:45 INFO  : Disconnected from the channel tcfchan#9.
22:57:46 INFO  : Connected to target on host '127.0.0.1' and port '3121'.
22:57:46 INFO  : Jtag cable 'Digilent Zybo Z7 210351A6C79EA' is selected.
22:57:46 INFO  : 'jtag frequency' command is executed.
22:57:46 INFO  : Context for 'APU' is selected.
22:57:46 INFO  : System reset is completed.
22:57:49 INFO  : 'after 3000' command is executed.
22:57:49 INFO  : 'targets -set -filter {jtag_cable_name =~ "Digilent Zybo Z7 210351A6C79EA" && level==0 && jtag_device_ctx=="jsn-Zybo Z7-210351A6C79EA-13722093-0"}' command is executed.
22:57:50 INFO  : Device configured successfully with "/thayerfs/home/f003wvc/workspace/module2/module2/_ide/bitstream/module2_hw_wrapper.bit"
22:57:50 INFO  : Context for 'APU' is selected.
22:57:50 INFO  : Hardware design and registers information is loaded from '/thayerfs/home/f003wvc/workspace/module2/module2_hw_wrapper/export/module2_hw_wrapper/hw/module2_hw_wrapper.xsa'.
22:57:50 INFO  : 'configparams force-mem-access 1' command is executed.
22:57:50 INFO  : Context for 'APU' is selected.
22:57:50 INFO  : Sourcing of '/thayerfs/home/f003wvc/workspace/module2/module2/_ide/psinit/ps7_init.tcl' is done.
22:57:51 INFO  : 'ps7_init' command is executed.
22:57:51 INFO  : 'ps7_post_config' command is executed.
22:57:51 INFO  : Context for processor 'ps7_cortexa9_0' is selected.
22:57:51 INFO  : The application '/thayerfs/home/f003wvc/workspace/module2/module2/Debug/module2.elf' is downloaded to processor 'ps7_cortexa9_0'.
22:57:51 INFO  : 'configparams force-mem-access 0' command is executed.
22:57:51 INFO  : ----------------XSDB Script----------------
connect -url tcp:127.0.0.1:3121
targets -set -nocase -filter {name =~"APU*"}
rst -system
after 3000
targets -set -filter {jtag_cable_name =~ "Digilent Zybo Z7 210351A6C79EA" && level==0 && jtag_device_ctx=="jsn-Zybo Z7-210351A6C79EA-13722093-0"}
fpga -file /thayerfs/home/f003wvc/workspace/module2/module2/_ide/bitstream/module2_hw_wrapper.bit
targets -set -nocase -filter {name =~"APU*"}
loadhw -hw /thayerfs/home/f003wvc/workspace/module2/module2_hw_wrapper/export/module2_hw_wrapper/hw/module2_hw_wrapper.xsa -mem-ranges [list {0x40000000 0xbfffffff}] -regs
configparams force-mem-access 1
targets -set -nocase -filter {name =~"APU*"}
source /thayerfs/home/f003wvc/workspace/module2/module2/_ide/psinit/ps7_init.tcl
ps7_init
ps7_post_config
targets -set -nocase -filter {name =~ "*A9*#0"}
dow /thayerfs/home/f003wvc/workspace/module2/module2/Debug/module2.elf
configparams force-mem-access 0
----------------End of Script----------------

22:57:51 INFO  : Context for processor 'ps7_cortexa9_0' is selected.
22:57:51 INFO  : 'con' command is executed.
22:57:51 INFO  : ----------------XSDB Script (After Launch)----------------
targets -set -nocase -filter {name =~ "*A9*#0"}
con
----------------End of Script----------------

22:57:51 INFO  : Launch script is exported to file '/thayerfs/home/f003wvc/workspace/module2/module2_system/_ide/scripts/debugger_module2-default.tcl'
22:59:32 INFO  : Disconnected from the channel tcfchan#10.
23:00:39 INFO  : Checking for BSP changes to sync application flags for project 'module2'...
23:00:44 INFO  : Connected to target on host '127.0.0.1' and port '3121'.
23:00:44 INFO  : 'targets -set -filter {jtag_cable_name =~ "Digilent Zybo Z7 210351A6C79EA" && level==0 && jtag_device_ctx=="jsn-Zybo Z7-210351A6C79EA-13722093-0"}' command is executed.
23:00:45 INFO  : Device configured successfully with "/thayerfs/home/f003wvc/workspace/module2/module2/_ide/bitstream/module2_hw_wrapper.bit"
23:01:01 INFO  : Connected to target on host '127.0.0.1' and port '3121'.
23:01:02 INFO  : Jtag cable 'Digilent Zybo Z7 210351A6C79EA' is selected.
23:01:02 INFO  : 'jtag frequency' command is executed.
23:01:02 INFO  : Context for 'APU' is selected.
23:01:02 INFO  : System reset is completed.
23:01:05 INFO  : 'after 3000' command is executed.
23:01:05 INFO  : 'targets -set -filter {jtag_cable_name =~ "Digilent Zybo Z7 210351A6C79EA" && level==0 && jtag_device_ctx=="jsn-Zybo Z7-210351A6C79EA-13722093-0"}' command is executed.
23:01:06 INFO  : Device configured successfully with "/thayerfs/home/f003wvc/workspace/module2/module2/_ide/bitstream/module2_hw_wrapper.bit"
23:01:06 INFO  : Context for 'APU' is selected.
23:01:06 INFO  : Hardware design and registers information is loaded from '/thayerfs/home/f003wvc/workspace/module2/module2_hw_wrapper/export/module2_hw_wrapper/hw/module2_hw_wrapper.xsa'.
23:01:06 INFO  : 'configparams force-mem-access 1' command is executed.
23:01:06 INFO  : Context for 'APU' is selected.
23:01:06 INFO  : Sourcing of '/thayerfs/home/f003wvc/workspace/module2/module2/_ide/psinit/ps7_init.tcl' is done.
23:01:06 INFO  : 'ps7_init' command is executed.
23:01:06 INFO  : 'ps7_post_config' command is executed.
23:01:06 INFO  : Context for processor 'ps7_cortexa9_0' is selected.
23:01:06 INFO  : The application '/thayerfs/home/f003wvc/workspace/module2/module2/Debug/module2.elf' is downloaded to processor 'ps7_cortexa9_0'.
23:01:06 INFO  : 'configparams force-mem-access 0' command is executed.
23:01:06 INFO  : ----------------XSDB Script----------------
connect -url tcp:127.0.0.1:3121
targets -set -nocase -filter {name =~"APU*"}
rst -system
after 3000
targets -set -filter {jtag_cable_name =~ "Digilent Zybo Z7 210351A6C79EA" && level==0 && jtag_device_ctx=="jsn-Zybo Z7-210351A6C79EA-13722093-0"}
fpga -file /thayerfs/home/f003wvc/workspace/module2/module2/_ide/bitstream/module2_hw_wrapper.bit
targets -set -nocase -filter {name =~"APU*"}
loadhw -hw /thayerfs/home/f003wvc/workspace/module2/module2_hw_wrapper/export/module2_hw_wrapper/hw/module2_hw_wrapper.xsa -mem-ranges [list {0x40000000 0xbfffffff}] -regs
configparams force-mem-access 1
targets -set -nocase -filter {name =~"APU*"}
source /thayerfs/home/f003wvc/workspace/module2/module2/_ide/psinit/ps7_init.tcl
ps7_init
ps7_post_config
targets -set -nocase -filter {name =~ "*A9*#0"}
dow /thayerfs/home/f003wvc/workspace/module2/module2/Debug/module2.elf
configparams force-mem-access 0
----------------End of Script----------------

23:01:06 INFO  : Context for processor 'ps7_cortexa9_0' is selected.
23:01:06 INFO  : 'con' command is executed.
23:01:06 INFO  : ----------------XSDB Script (After Launch)----------------
targets -set -nocase -filter {name =~ "*A9*#0"}
con
----------------End of Script----------------

23:01:06 INFO  : Launch script is exported to file '/thayerfs/home/f003wvc/workspace/module2/module2_system/_ide/scripts/debugger_module2-default.tcl'
23:07:00 INFO  : Checking for BSP changes to sync application flags for project 'module2'...
23:07:12 INFO  : Connected to target on host '127.0.0.1' and port '3121'.
23:07:12 INFO  : 'targets -set -filter {jtag_cable_name =~ "Digilent Zybo Z7 210351A6C79EA" && level==0 && jtag_device_ctx=="jsn-Zybo Z7-210351A6C79EA-13722093-0"}' command is executed.
23:07:13 INFO  : Device configured successfully with "/thayerfs/home/f003wvc/workspace/module2/module2/_ide/bitstream/module2_hw_wrapper.bit"
23:07:28 INFO  : Disconnected from the channel tcfchan#11.
23:07:29 INFO  : Connected to target on host '127.0.0.1' and port '3121'.
23:07:29 INFO  : Jtag cable 'Digilent Zybo Z7 210351A6C79EA' is selected.
23:07:29 INFO  : 'jtag frequency' command is executed.
23:07:29 INFO  : Context for 'APU' is selected.
23:07:29 INFO  : System reset is completed.
23:07:33 INFO  : 'after 3000' command is executed.
23:07:33 INFO  : 'targets -set -filter {jtag_cable_name =~ "Digilent Zybo Z7 210351A6C79EA" && level==0 && jtag_device_ctx=="jsn-Zybo Z7-210351A6C79EA-13722093-0"}' command is executed.
23:07:34 INFO  : Device configured successfully with "/thayerfs/home/f003wvc/workspace/module2/module2/_ide/bitstream/module2_hw_wrapper.bit"
23:07:34 INFO  : Context for 'APU' is selected.
23:07:34 INFO  : Hardware design and registers information is loaded from '/thayerfs/home/f003wvc/workspace/module2/module2_hw_wrapper/export/module2_hw_wrapper/hw/module2_hw_wrapper.xsa'.
23:07:34 INFO  : 'configparams force-mem-access 1' command is executed.
23:07:34 INFO  : Context for 'APU' is selected.
23:07:34 INFO  : Sourcing of '/thayerfs/home/f003wvc/workspace/module2/module2/_ide/psinit/ps7_init.tcl' is done.
23:07:34 INFO  : 'ps7_init' command is executed.
23:07:34 INFO  : 'ps7_post_config' command is executed.
23:07:34 INFO  : Context for processor 'ps7_cortexa9_0' is selected.
23:07:34 INFO  : The application '/thayerfs/home/f003wvc/workspace/module2/module2/Debug/module2.elf' is downloaded to processor 'ps7_cortexa9_0'.
23:07:34 INFO  : 'configparams force-mem-access 0' command is executed.
23:07:34 INFO  : ----------------XSDB Script----------------
connect -url tcp:127.0.0.1:3121
targets -set -nocase -filter {name =~"APU*"}
rst -system
after 3000
targets -set -filter {jtag_cable_name =~ "Digilent Zybo Z7 210351A6C79EA" && level==0 && jtag_device_ctx=="jsn-Zybo Z7-210351A6C79EA-13722093-0"}
fpga -file /thayerfs/home/f003wvc/workspace/module2/module2/_ide/bitstream/module2_hw_wrapper.bit
targets -set -nocase -filter {name =~"APU*"}
loadhw -hw /thayerfs/home/f003wvc/workspace/module2/module2_hw_wrapper/export/module2_hw_wrapper/hw/module2_hw_wrapper.xsa -mem-ranges [list {0x40000000 0xbfffffff}] -regs
configparams force-mem-access 1
targets -set -nocase -filter {name =~"APU*"}
source /thayerfs/home/f003wvc/workspace/module2/module2/_ide/psinit/ps7_init.tcl
ps7_init
ps7_post_config
targets -set -nocase -filter {name =~ "*A9*#0"}
dow /thayerfs/home/f003wvc/workspace/module2/module2/Debug/module2.elf
configparams force-mem-access 0
----------------End of Script----------------

23:07:34 INFO  : Context for processor 'ps7_cortexa9_0' is selected.
23:07:34 INFO  : 'con' command is executed.
23:07:34 INFO  : ----------------XSDB Script (After Launch)----------------
targets -set -nocase -filter {name =~ "*A9*#0"}
con
----------------End of Script----------------

23:07:34 INFO  : Launch script is exported to file '/thayerfs/home/f003wvc/workspace/module2/module2_system/_ide/scripts/debugger_module2-default.tcl'
23:07:43 INFO  : Disconnected from the channel tcfchan#12.
23:07:44 INFO  : Connected to target on host '127.0.0.1' and port '3121'.
23:07:44 INFO  : Jtag cable 'Digilent Zybo Z7 210351A6C79EA' is selected.
23:07:44 INFO  : 'jtag frequency' command is executed.
23:07:44 INFO  : Context for 'APU' is selected.
23:07:44 INFO  : System reset is completed.
23:07:47 INFO  : 'after 3000' command is executed.
23:07:47 INFO  : 'targets -set -filter {jtag_cable_name =~ "Digilent Zybo Z7 210351A6C79EA" && level==0 && jtag_device_ctx=="jsn-Zybo Z7-210351A6C79EA-13722093-0"}' command is executed.
23:07:48 INFO  : Device configured successfully with "/thayerfs/home/f003wvc/workspace/module2/module2/_ide/bitstream/module2_hw_wrapper.bit"
23:07:48 INFO  : Context for 'APU' is selected.
23:07:48 INFO  : Hardware design and registers information is loaded from '/thayerfs/home/f003wvc/workspace/module2/module2_hw_wrapper/export/module2_hw_wrapper/hw/module2_hw_wrapper.xsa'.
23:07:48 INFO  : 'configparams force-mem-access 1' command is executed.
23:07:48 INFO  : Context for 'APU' is selected.
23:07:48 INFO  : Sourcing of '/thayerfs/home/f003wvc/workspace/module2/module2/_ide/psinit/ps7_init.tcl' is done.
23:07:48 INFO  : 'ps7_init' command is executed.
23:07:48 INFO  : 'ps7_post_config' command is executed.
23:07:48 INFO  : Context for processor 'ps7_cortexa9_0' is selected.
23:07:49 INFO  : The application '/thayerfs/home/f003wvc/workspace/module2/module2/Debug/module2.elf' is downloaded to processor 'ps7_cortexa9_0'.
23:07:49 INFO  : 'configparams force-mem-access 0' command is executed.
23:07:49 INFO  : ----------------XSDB Script----------------
connect -url tcp:127.0.0.1:3121
targets -set -nocase -filter {name =~"APU*"}
rst -system
after 3000
targets -set -filter {jtag_cable_name =~ "Digilent Zybo Z7 210351A6C79EA" && level==0 && jtag_device_ctx=="jsn-Zybo Z7-210351A6C79EA-13722093-0"}
fpga -file /thayerfs/home/f003wvc/workspace/module2/module2/_ide/bitstream/module2_hw_wrapper.bit
targets -set -nocase -filter {name =~"APU*"}
loadhw -hw /thayerfs/home/f003wvc/workspace/module2/module2_hw_wrapper/export/module2_hw_wrapper/hw/module2_hw_wrapper.xsa -mem-ranges [list {0x40000000 0xbfffffff}] -regs
configparams force-mem-access 1
targets -set -nocase -filter {name =~"APU*"}
source /thayerfs/home/f003wvc/workspace/module2/module2/_ide/psinit/ps7_init.tcl
ps7_init
ps7_post_config
targets -set -nocase -filter {name =~ "*A9*#0"}
dow /thayerfs/home/f003wvc/workspace/module2/module2/Debug/module2.elf
configparams force-mem-access 0
----------------End of Script----------------

23:07:49 INFO  : Context for processor 'ps7_cortexa9_0' is selected.
23:07:49 INFO  : 'con' command is executed.
23:07:49 INFO  : ----------------XSDB Script (After Launch)----------------
targets -set -nocase -filter {name =~ "*A9*#0"}
con
----------------End of Script----------------

23:07:49 INFO  : Launch script is exported to file '/thayerfs/home/f003wvc/workspace/module2/module2_system/_ide/scripts/debugger_module2-default.tcl'
23:08:12 INFO  : Disconnected from the channel tcfchan#13.
23:08:13 INFO  : Connected to target on host '127.0.0.1' and port '3121'.
23:08:13 INFO  : Jtag cable 'Digilent Zybo Z7 210351A6C79EA' is selected.
23:08:13 INFO  : 'jtag frequency' command is executed.
23:08:13 INFO  : Context for 'APU' is selected.
23:08:14 INFO  : System reset is completed.
23:08:17 INFO  : 'after 3000' command is executed.
23:08:17 INFO  : 'targets -set -filter {jtag_cable_name =~ "Digilent Zybo Z7 210351A6C79EA" && level==0 && jtag_device_ctx=="jsn-Zybo Z7-210351A6C79EA-13722093-0"}' command is executed.
23:08:18 INFO  : Device configured successfully with "/thayerfs/home/f003wvc/workspace/module2/module2/_ide/bitstream/module2_hw_wrapper.bit"
23:08:18 INFO  : Context for 'APU' is selected.
23:08:18 INFO  : Hardware design and registers information is loaded from '/thayerfs/home/f003wvc/workspace/module2/module2_hw_wrapper/export/module2_hw_wrapper/hw/module2_hw_wrapper.xsa'.
23:08:18 INFO  : 'configparams force-mem-access 1' command is executed.
23:08:18 INFO  : Context for 'APU' is selected.
23:08:18 INFO  : Sourcing of '/thayerfs/home/f003wvc/workspace/module2/module2/_ide/psinit/ps7_init.tcl' is done.
23:08:18 INFO  : 'ps7_init' command is executed.
23:08:18 INFO  : 'ps7_post_config' command is executed.
23:08:18 INFO  : Context for processor 'ps7_cortexa9_0' is selected.
23:08:18 INFO  : The application '/thayerfs/home/f003wvc/workspace/module2/module2/Debug/module2.elf' is downloaded to processor 'ps7_cortexa9_0'.
23:08:18 INFO  : 'configparams force-mem-access 0' command is executed.
23:08:18 INFO  : ----------------XSDB Script----------------
connect -url tcp:127.0.0.1:3121
targets -set -nocase -filter {name =~"APU*"}
rst -system
after 3000
targets -set -filter {jtag_cable_name =~ "Digilent Zybo Z7 210351A6C79EA" && level==0 && jtag_device_ctx=="jsn-Zybo Z7-210351A6C79EA-13722093-0"}
fpga -file /thayerfs/home/f003wvc/workspace/module2/module2/_ide/bitstream/module2_hw_wrapper.bit
targets -set -nocase -filter {name =~"APU*"}
loadhw -hw /thayerfs/home/f003wvc/workspace/module2/module2_hw_wrapper/export/module2_hw_wrapper/hw/module2_hw_wrapper.xsa -mem-ranges [list {0x40000000 0xbfffffff}] -regs
configparams force-mem-access 1
targets -set -nocase -filter {name =~"APU*"}
source /thayerfs/home/f003wvc/workspace/module2/module2/_ide/psinit/ps7_init.tcl
ps7_init
ps7_post_config
targets -set -nocase -filter {name =~ "*A9*#0"}
dow /thayerfs/home/f003wvc/workspace/module2/module2/Debug/module2.elf
configparams force-mem-access 0
----------------End of Script----------------

23:08:18 INFO  : Context for processor 'ps7_cortexa9_0' is selected.
23:08:18 INFO  : 'con' command is executed.
23:08:18 INFO  : ----------------XSDB Script (After Launch)----------------
targets -set -nocase -filter {name =~ "*A9*#0"}
con
----------------End of Script----------------

23:08:18 INFO  : Launch script is exported to file '/thayerfs/home/f003wvc/workspace/module2/module2_system/_ide/scripts/debugger_module2-default.tcl'
23:21:47 INFO  : Checking for BSP changes to sync application flags for project 'module2'...
23:21:55 INFO  : Checking for BSP changes to sync application flags for project 'module2'...
23:21:58 INFO  : Disconnected from the channel tcfchan#14.
23:21:59 INFO  : Connected to target on host '127.0.0.1' and port '3121'.
23:21:59 INFO  : Jtag cable 'Digilent Zybo Z7 210351A6C79EA' is selected.
23:21:59 INFO  : 'jtag frequency' command is executed.
23:21:59 INFO  : Context for 'APU' is selected.
23:21:59 INFO  : System reset is completed.
23:22:02 INFO  : 'after 3000' command is executed.
23:22:02 INFO  : 'targets -set -filter {jtag_cable_name =~ "Digilent Zybo Z7 210351A6C79EA" && level==0 && jtag_device_ctx=="jsn-Zybo Z7-210351A6C79EA-13722093-0"}' command is executed.
23:22:04 INFO  : Device configured successfully with "/thayerfs/home/f003wvc/workspace/module2/module2/_ide/bitstream/module2_hw_wrapper.bit"
23:22:04 INFO  : Context for 'APU' is selected.
23:22:04 INFO  : Hardware design and registers information is loaded from '/thayerfs/home/f003wvc/workspace/module2/module2_hw_wrapper/export/module2_hw_wrapper/hw/module2_hw_wrapper.xsa'.
23:22:04 INFO  : 'configparams force-mem-access 1' command is executed.
23:22:04 INFO  : Context for 'APU' is selected.
23:22:04 INFO  : Sourcing of '/thayerfs/home/f003wvc/workspace/module2/module2/_ide/psinit/ps7_init.tcl' is done.
23:22:04 INFO  : 'ps7_init' command is executed.
23:22:04 INFO  : 'ps7_post_config' command is executed.
23:22:04 INFO  : Context for processor 'ps7_cortexa9_0' is selected.
23:22:04 INFO  : The application '/thayerfs/home/f003wvc/workspace/module2/module2/Debug/module2.elf' is downloaded to processor 'ps7_cortexa9_0'.
23:22:04 INFO  : 'configparams force-mem-access 0' command is executed.
23:22:04 INFO  : ----------------XSDB Script----------------
connect -url tcp:127.0.0.1:3121
targets -set -nocase -filter {name =~"APU*"}
rst -system
after 3000
targets -set -filter {jtag_cable_name =~ "Digilent Zybo Z7 210351A6C79EA" && level==0 && jtag_device_ctx=="jsn-Zybo Z7-210351A6C79EA-13722093-0"}
fpga -file /thayerfs/home/f003wvc/workspace/module2/module2/_ide/bitstream/module2_hw_wrapper.bit
targets -set -nocase -filter {name =~"APU*"}
loadhw -hw /thayerfs/home/f003wvc/workspace/module2/module2_hw_wrapper/export/module2_hw_wrapper/hw/module2_hw_wrapper.xsa -mem-ranges [list {0x40000000 0xbfffffff}] -regs
configparams force-mem-access 1
targets -set -nocase -filter {name =~"APU*"}
source /thayerfs/home/f003wvc/workspace/module2/module2/_ide/psinit/ps7_init.tcl
ps7_init
ps7_post_config
targets -set -nocase -filter {name =~ "*A9*#0"}
dow /thayerfs/home/f003wvc/workspace/module2/module2/Debug/module2.elf
configparams force-mem-access 0
----------------End of Script----------------

23:22:04 INFO  : Context for processor 'ps7_cortexa9_0' is selected.
23:22:04 INFO  : 'con' command is executed.
23:22:04 INFO  : ----------------XSDB Script (After Launch)----------------
targets -set -nocase -filter {name =~ "*A9*#0"}
con
----------------End of Script----------------

23:22:04 INFO  : Launch script is exported to file '/thayerfs/home/f003wvc/workspace/module2/module2_system/_ide/scripts/debugger_module2-default.tcl'
23:22:23 INFO  : Connected to target on host '127.0.0.1' and port '3121'.
23:22:23 INFO  : 'targets -set -filter {jtag_cable_name =~ "Digilent Zybo Z7 210351A6C79EA" && level==0 && jtag_device_ctx=="jsn-Zybo Z7-210351A6C79EA-13722093-0"}' command is executed.
23:22:24 INFO  : Device configured successfully with "/thayerfs/home/f003wvc/workspace/module2/module2/_ide/bitstream/module2_hw_wrapper.bit"
23:22:31 INFO  : Disconnected from the channel tcfchan#15.
23:22:32 INFO  : Connected to target on host '127.0.0.1' and port '3121'.
23:22:32 INFO  : Jtag cable 'Digilent Zybo Z7 210351A6C79EA' is selected.
23:22:32 INFO  : 'jtag frequency' command is executed.
23:22:32 INFO  : Context for 'APU' is selected.
23:22:32 INFO  : System reset is completed.
23:22:35 INFO  : 'after 3000' command is executed.
23:22:35 INFO  : 'targets -set -filter {jtag_cable_name =~ "Digilent Zybo Z7 210351A6C79EA" && level==0 && jtag_device_ctx=="jsn-Zybo Z7-210351A6C79EA-13722093-0"}' command is executed.
23:22:37 INFO  : Device configured successfully with "/thayerfs/home/f003wvc/workspace/module2/module2/_ide/bitstream/module2_hw_wrapper.bit"
23:22:37 INFO  : Context for 'APU' is selected.
23:22:37 INFO  : Hardware design and registers information is loaded from '/thayerfs/home/f003wvc/workspace/module2/module2_hw_wrapper/export/module2_hw_wrapper/hw/module2_hw_wrapper.xsa'.
23:22:37 INFO  : 'configparams force-mem-access 1' command is executed.
23:22:37 INFO  : Context for 'APU' is selected.
23:22:37 INFO  : Sourcing of '/thayerfs/home/f003wvc/workspace/module2/module2/_ide/psinit/ps7_init.tcl' is done.
23:22:37 INFO  : 'ps7_init' command is executed.
23:22:37 INFO  : 'ps7_post_config' command is executed.
23:22:37 INFO  : Context for processor 'ps7_cortexa9_0' is selected.
23:22:37 INFO  : The application '/thayerfs/home/f003wvc/workspace/module2/module2/Debug/module2.elf' is downloaded to processor 'ps7_cortexa9_0'.
23:22:37 INFO  : 'configparams force-mem-access 0' command is executed.
23:22:37 INFO  : ----------------XSDB Script----------------
connect -url tcp:127.0.0.1:3121
targets -set -nocase -filter {name =~"APU*"}
rst -system
after 3000
targets -set -filter {jtag_cable_name =~ "Digilent Zybo Z7 210351A6C79EA" && level==0 && jtag_device_ctx=="jsn-Zybo Z7-210351A6C79EA-13722093-0"}
fpga -file /thayerfs/home/f003wvc/workspace/module2/module2/_ide/bitstream/module2_hw_wrapper.bit
targets -set -nocase -filter {name =~"APU*"}
loadhw -hw /thayerfs/home/f003wvc/workspace/module2/module2_hw_wrapper/export/module2_hw_wrapper/hw/module2_hw_wrapper.xsa -mem-ranges [list {0x40000000 0xbfffffff}] -regs
configparams force-mem-access 1
targets -set -nocase -filter {name =~"APU*"}
source /thayerfs/home/f003wvc/workspace/module2/module2/_ide/psinit/ps7_init.tcl
ps7_init
ps7_post_config
targets -set -nocase -filter {name =~ "*A9*#0"}
dow /thayerfs/home/f003wvc/workspace/module2/module2/Debug/module2.elf
configparams force-mem-access 0
----------------End of Script----------------

23:22:37 INFO  : Context for processor 'ps7_cortexa9_0' is selected.
23:22:37 INFO  : 'con' command is executed.
23:22:37 INFO  : ----------------XSDB Script (After Launch)----------------
targets -set -nocase -filter {name =~ "*A9*#0"}
con
----------------End of Script----------------

23:22:37 INFO  : Launch script is exported to file '/thayerfs/home/f003wvc/workspace/module2/module2_system/_ide/scripts/debugger_module2-default.tcl'
23:23:04 INFO  : Disconnected from the channel tcfchan#16.
23:23:05 INFO  : Connected to target on host '127.0.0.1' and port '3121'.
23:23:05 INFO  : Jtag cable 'Digilent Zybo Z7 210351A6C79EA' is selected.
23:23:05 INFO  : 'jtag frequency' command is executed.
23:23:05 INFO  : Context for 'APU' is selected.
23:23:05 INFO  : System reset is completed.
23:23:08 INFO  : 'after 3000' command is executed.
23:23:08 INFO  : 'targets -set -filter {jtag_cable_name =~ "Digilent Zybo Z7 210351A6C79EA" && level==0 && jtag_device_ctx=="jsn-Zybo Z7-210351A6C79EA-13722093-0"}' command is executed.
23:23:10 INFO  : Device configured successfully with "/thayerfs/home/f003wvc/workspace/module2/module2/_ide/bitstream/module2_hw_wrapper.bit"
23:23:10 INFO  : Context for 'APU' is selected.
23:23:10 INFO  : Hardware design and registers information is loaded from '/thayerfs/home/f003wvc/workspace/module2/module2_hw_wrapper/export/module2_hw_wrapper/hw/module2_hw_wrapper.xsa'.
23:23:10 INFO  : 'configparams force-mem-access 1' command is executed.
23:23:10 INFO  : Context for 'APU' is selected.
23:23:10 INFO  : Sourcing of '/thayerfs/home/f003wvc/workspace/module2/module2/_ide/psinit/ps7_init.tcl' is done.
23:23:10 INFO  : 'ps7_init' command is executed.
23:23:10 INFO  : 'ps7_post_config' command is executed.
23:23:10 INFO  : Context for processor 'ps7_cortexa9_0' is selected.
23:23:10 INFO  : The application '/thayerfs/home/f003wvc/workspace/module2/module2/Debug/module2.elf' is downloaded to processor 'ps7_cortexa9_0'.
23:23:10 INFO  : 'configparams force-mem-access 0' command is executed.
23:23:10 INFO  : ----------------XSDB Script----------------
connect -url tcp:127.0.0.1:3121
targets -set -nocase -filter {name =~"APU*"}
rst -system
after 3000
targets -set -filter {jtag_cable_name =~ "Digilent Zybo Z7 210351A6C79EA" && level==0 && jtag_device_ctx=="jsn-Zybo Z7-210351A6C79EA-13722093-0"}
fpga -file /thayerfs/home/f003wvc/workspace/module2/module2/_ide/bitstream/module2_hw_wrapper.bit
targets -set -nocase -filter {name =~"APU*"}
loadhw -hw /thayerfs/home/f003wvc/workspace/module2/module2_hw_wrapper/export/module2_hw_wrapper/hw/module2_hw_wrapper.xsa -mem-ranges [list {0x40000000 0xbfffffff}] -regs
configparams force-mem-access 1
targets -set -nocase -filter {name =~"APU*"}
source /thayerfs/home/f003wvc/workspace/module2/module2/_ide/psinit/ps7_init.tcl
ps7_init
ps7_post_config
targets -set -nocase -filter {name =~ "*A9*#0"}
dow /thayerfs/home/f003wvc/workspace/module2/module2/Debug/module2.elf
configparams force-mem-access 0
----------------End of Script----------------

23:23:10 INFO  : Context for processor 'ps7_cortexa9_0' is selected.
23:23:10 INFO  : 'con' command is executed.
23:23:10 INFO  : ----------------XSDB Script (After Launch)----------------
targets -set -nocase -filter {name =~ "*A9*#0"}
con
----------------End of Script----------------

23:23:10 INFO  : Launch script is exported to file '/thayerfs/home/f003wvc/workspace/module2/module2_system/_ide/scripts/debugger_module2-default.tcl'
23:23:46 INFO  : Disconnected from the channel tcfchan#17.
23:24:33 INFO  : Logs will be stored at '/thayerfs/home/f003wvc/workspace/module2/IDE.log'.
23:24:34 INFO  : Launching XSCT server: xsct -n  -interactive /thayerfs/home/f003wvc/workspace/module2/temp_xsdb_launch_script.tcl
23:24:35 INFO  : Platform repository initialization has completed.
23:24:36 INFO  : Registering command handlers for Vitis TCF services
23:24:39 INFO  : XSCT server has started successfully.
23:24:42 INFO  : plnx-install-location is set to ''
23:24:42 INFO  : Successfully done setting XSCT server connection channel  
23:24:42 INFO  : Successfully done query RDI_DATADIR 
23:24:42 INFO  : Successfully done setting workspace for the tool. 
23:25:13 INFO  : Result from executing command 'removePlatformRepo': 
